/Users/zachwhelchel/.rvm/gems/ruby-2.0.0-p247/gems/tweetstream-2.6.1/lib/tweetstream/client.rb:400: warning: epoll is not supported on this platform
log writing failed. closed stream
/Users/zachwhelchel/.rvm/gems/ruby-2.0.0-p247/gems/tweetstream-2.6.1/lib/tweetstream/client.rb:449:in `block in connect': Failed to reconnect after 6 tries. (TweetStream::ReconnectError)
	from /Users/zachwhelchel/.rvm/gems/ruby-2.0.0-p247/gems/em-twitter-0.3.5/lib/em-twitter/connection.rb:297:in `call'
	from /Users/zachwhelchel/.rvm/gems/ruby-2.0.0-p247/gems/em-twitter-0.3.5/lib/em-twitter/connection.rb:297:in `invoke_callback'
	from /Users/zachwhelchel/.rvm/gems/ruby-2.0.0-p247/gems/em-twitter-0.3.5/lib/em-twitter/connection.rb:269:in `rescue in schedule_reconnect'
	from /Users/zachwhelchel/.rvm/gems/ruby-2.0.0-p247/gems/em-twitter-0.3.5/lib/em-twitter/connection.rb:264:in `schedule_reconnect'
	from /Users/zachwhelchel/.rvm/gems/ruby-2.0.0-p247/gems/em-twitter-0.3.5/lib/em-twitter/connection.rb:92:in `unbind'
	from /Users/zachwhelchel/.rvm/gems/ruby-2.0.0-p247/gems/eventmachine-1.0.8/lib/eventmachine.rb:1465:in `event_callback'
	from /Users/zachwhelchel/.rvm/gems/ruby-2.0.0-p247/gems/eventmachine-1.0.8/lib/eventmachine.rb:193:in `run_machine'
	from /Users/zachwhelchel/.rvm/gems/ruby-2.0.0-p247/gems/eventmachine-1.0.8/lib/eventmachine.rb:193:in `run'
	from /Users/zachwhelchel/.rvm/gems/ruby-2.0.0-p247/gems/tweetstream-2.6.1/lib/tweetstream/client.rb:403:in `start'
	from /Users/zachwhelchel/.rvm/gems/ruby-2.0.0-p247/gems/tweetstream-2.6.1/lib/tweetstream/daemon.rb:48:in `block in start'
	from /Users/zachwhelchel/.rvm/gems/ruby-2.0.0-p247/gems/daemons-1.2.3/lib/daemons/application.rb:265:in `call'
	from /Users/zachwhelchel/.rvm/gems/ruby-2.0.0-p247/gems/daemons-1.2.3/lib/daemons/application.rb:265:in `block in start_proc'
	from /Users/zachwhelchel/.rvm/gems/ruby-2.0.0-p247/gems/daemons-1.2.3/lib/daemons/daemonize.rb:84:in `call'
	from /Users/zachwhelchel/.rvm/gems/ruby-2.0.0-p247/gems/daemons-1.2.3/lib/daemons/daemonize.rb:84:in `call_as_daemon'
	from /Users/zachwhelchel/.rvm/gems/ruby-2.0.0-p247/gems/daemons-1.2.3/lib/daemons/application.rb:269:in `start_proc'
	from /Users/zachwhelchel/.rvm/gems/ruby-2.0.0-p247/gems/daemons-1.2.3/lib/daemons/application.rb:295:in `start'
	from /Users/zachwhelchel/.rvm/gems/ruby-2.0.0-p247/gems/daemons-1.2.3/lib/daemons/controller.rb:56:in `run'
	from /Users/zachwhelchel/.rvm/gems/ruby-2.0.0-p247/gems/daemons-1.2.3/lib/daemons.rb:193:in `block in run_proc'
	from /Users/zachwhelchel/.rvm/gems/ruby-2.0.0-p247/gems/daemons-1.2.3/lib/daemons/cmdline.rb:88:in `call'
	from /Users/zachwhelchel/.rvm/gems/ruby-2.0.0-p247/gems/daemons-1.2.3/lib/daemons/cmdline.rb:88:in `catch_exceptions'
	from /Users/zachwhelchel/.rvm/gems/ruby-2.0.0-p247/gems/daemons-1.2.3/lib/daemons.rb:192:in `run_proc'
	from /Users/zachwhelchel/.rvm/gems/ruby-2.0.0-p247/gems/tweetstream-2.6.1/lib/tweetstream/daemon.rb:47:in `start'
	from /Users/zachwhelchel/.rvm/gems/ruby-2.0.0-p247/gems/tweetstream-2.6.1/lib/tweetstream/client.rb:93:in `sample'
	from bin/tweets_searcher.rb:22:in `<main>'
